Using pre-set license
Built from '2021.1/release' branch; Version is '2021.1.4f1 (4cd64a618c1b) revision 5035594'; Using compiler version '192528614'; Build Type 'Release'
OS: 'Windows 10 Pro; OS build 19041.928; Version 2004; 64bit' Language: 'en' Physical Memory: 8161 MB
BatchMode: 1, IsHumanControllingUs: 0, StartBugReporterOnCrash: 0, Is64bit: 1, IsPro: 0

 COMMAND LINE ARGUMENTS:
C:\Program Files\Unity\Hub\Editor\2021.1.4f1\Editor\Unity.exe
-adb2
-batchMode
-noUpm
-name
AssetImportWorker1
-projectPath
C:/Users/Administrator/Documents/GitHub/Big-Jump---Final-Project
-logFile
Logs/AssetImportWorker1.log
-srvPort
49864
Successfully changed project path to: C:/Users/Administrator/Documents/GitHub/Big-Jump---Final-Project
C:/Users/Administrator/Documents/GitHub/Big-Jump---Final-Project
Using Asset Import Pipeline V2.
Refreshing native plugins compatible for Editor in 80.31 ms, found 1 plugins.
Preloading 0 native plugins for Editor in 0.00 ms.
Initialize engine version: 2021.1.4f1 (4cd64a618c1b)
[Subsystems] Discovering subsystems at path C:/Program Files/Unity/Hub/Editor/2021.1.4f1/Editor/Data/Resources/UnitySubsystems
[Subsystems] Discovering subsystems at path C:/Users/Administrator/Documents/GitHub/Big-Jump---Final-Project/Assets
GfxDevice: creating device client; threaded=0; jobified=0
Direct3D:
    Version:  Direct3D 11.0 [level 11.1]
    Renderer: NVIDIA GeForce GTX 1050 Ti (ID=0x1c82)
    Vendor:   NVIDIA
    VRAM:     4018 MB
    Driver:   27.21.14.5671
Initialize mono
Mono path[0] = 'C:/Program Files/Unity/Hub/Editor/2021.1.4f1/Editor/Data/Managed'
Mono path[1] = 'C:/Program Files/Unity/Hub/Editor/2021.1.4f1/Editor/Data/MonoBleedingEdge/lib/mono/unityjit'
Mono config path = 'C:/Program Files/Unity/Hub/Editor/2021.1.4f1/Editor/Data/MonoBleedingEdge/etc'
Using monoOptions --debugger-agent=transport=dt_socket,embedding=1,server=y,suspend=n,address=127.0.0.1:56144
Begin MonoManager ReloadAssembly
Registering precompiled unity dll's ...
Register platform support module: C:/Program Files/Unity/Hub/Editor/2021.1.4f1/Editor/Data/PlaybackEngines/WindowsStandaloneSupport/UnityEditor.WindowsStandalone.Extensions.dll
Registered in 0.005476 seconds.
Native extension for WindowsStandalone target not found
Refreshing native plugins compatible for Editor in 71.69 ms, found 1 plugins.
Preloading 0 native plugins for Editor in 0.00 ms.
Mono: successfully reloaded assembly
- Completed reload, in  4.140 seconds
Platform modules already initialized, skipping
Registering precompiled user dll's ...
Registered in 0.002920 seconds.
Begin MonoManager ReloadAssembly
Native extension for WindowsStandalone target not found
Refreshing native plugins compatible for Editor in 76.35 ms, found 1 plugins.
Preloading 0 native plugins for Editor in 0.00 ms.
Mono: successfully reloaded assembly
- Completed reload, in  2.046 seconds
Platform modules already initialized, skipping
========================================================================
Worker process is ready to serve import requests
Launched and connected shader compiler UnityShaderCompiler.exe after 0.35 seconds
Refreshing native plugins compatible for Editor in 0.74 ms, found 1 plugins.
Preloading 0 native plugins for Editor in 0.00 ms.
Unloading 2037 Unused Serialized files (Serialized files now loaded: 0)
System memory in use before: 107.6 MB.
System memory in use after: 107.7 MB.

Unloading 20 unused Assets to reduce memory usage. Loaded Objects now: 2514.
Total: 4.623100 ms (FindLiveObjects: 0.430800 ms CreateObjectMapping: 0.119600 ms MarkObjects: 3.911900 ms  DeleteObjects: 0.158300 ms)

========================================================================
Received Import Request.
  path: Assets/Scripts/MainMenu.cs
  artifactKey: Guid(f1e4b42a43640d04eb2493c3477f0c9b) Importer(815301076,1909f56bfc062723c751e8b465ee728b)
Start importing Assets/Scripts/MainMenu.cs using Guid(f1e4b42a43640d04eb2493c3477f0c9b) Importer(815301076,1909f56bfc062723c751e8b465ee728b)  -> (artifact id: 'f51a447081d04ad44fea9f97bd07536f') in 0.124643 seconds 
========================================================================
Received Prepare
Registering precompiled user dll's ...
Registered in 0.003317 seconds.
Begin MonoManager ReloadAssembly
Native extension for WindowsStandalone target not found
Refreshing native plugins compatible for Editor in 2.88 ms, found 1 plugins.
Preloading 0 native plugins for Editor in 0.00 ms.
Mono: successfully reloaded assembly
- Completed reload, in  2.779 seconds
Platform modules already initialized, skipping
Refreshing native plugins compatible for Editor in 1.20 ms, found 1 plugins.
Preloading 0 native plugins for Editor in 0.00 ms.
Unloading 2013 Unused Serialized files (Serialized files now loaded: 0)
System memory in use before: 105.9 MB.
System memory in use after: 106.0 MB.

Unloading 9 unused Assets to reduce memory usage. Loaded Objects now: 2517.
Total: 6.724200 ms (FindLiveObjects: 0.524000 ms CreateObjectMapping: 0.126200 ms MarkObjects: 6.040400 ms  DeleteObjects: 0.031400 ms)

========================================================================
Received Import Request.
  Time since last request: 235.733880 seconds.
  path: Assets/Scenes/Level2.unity
  artifactKey: Guid(045c3cb744f02f3458ebc63af82d3711) Importer(815301076,1909f56bfc062723c751e8b465ee728b)
Start importing Assets/Scenes/Level2.unity using Guid(045c3cb744f02f3458ebc63af82d3711) Importer(815301076,1909f56bfc062723c751e8b465ee728b)  -> (artifact id: 'b8e6f7a95d72277d4751497e6b80f03d') in 0.057731 seconds 
========================================================================
Received Import Request.
  Time since last request: 18.666191 seconds.
  path: Assets/Scenes/Main Menu.unity
  artifactKey: Guid(c8923dfb3328f2349bb12d99cab64d86) Importer(815301076,1909f56bfc062723c751e8b465ee728b)
Start importing Assets/Scenes/Main Menu.unity using Guid(c8923dfb3328f2349bb12d99cab64d86) Importer(815301076,1909f56bfc062723c751e8b465ee728b)  -> (artifact id: '74eb48281d46a8e9cb2a13339056984d') in 0.028259 seconds 
========================================================================
Received Prepare
Registering precompiled user dll's ...
Registered in 0.005748 seconds.
Begin MonoManager ReloadAssembly
Native extension for WindowsStandalone target not found
Refreshing native plugins compatible for Editor in 1.17 ms, found 1 plugins.
Preloading 0 native plugins for Editor in 0.00 ms.
Mono: successfully reloaded assembly
- Completed reload, in  2.808 seconds
Platform modules already initialized, skipping
Refreshing native plugins compatible for Editor in 0.73 ms, found 1 plugins.
Preloading 0 native plugins for Editor in 0.00 ms.
Unloading 2013 Unused Serialized files (Serialized files now loaded: 0)
System memory in use before: 105.9 MB.
System memory in use after: 106.0 MB.

Unloading 9 unused Assets to reduce memory usage. Loaded Objects now: 2520.
Total: 4.474000 ms (FindLiveObjects: 0.371400 ms CreateObjectMapping: 0.101400 ms MarkObjects: 3.977600 ms  DeleteObjects: 0.021800 ms)

========================================================================
Received Import Request.
  Time since last request: 63.092525 seconds.
  path: Assets/Scenes/Level Selector.unity
  artifactKey: Guid(61f525b5194f56145a3f8ea35466ea62) Importer(815301076,1909f56bfc062723c751e8b465ee728b)
Start importing Assets/Scenes/Level Selector.unity using Guid(61f525b5194f56145a3f8ea35466ea62) Importer(815301076,1909f56bfc062723c751e8b465ee728b)  -> (artifact id: '80b21b760ceb4d16e6e2ec55a4e566cf') in 0.037826 seconds 
========================================================================
Received Import Request.
  Time since last request: 6.283970 seconds.
  path: Assets/Scenes/Level1.unity
  artifactKey: Guid(2cda990e2423bbf4892e6590ba056729) Importer(815301076,1909f56bfc062723c751e8b465ee728b)
Start importing Assets/Scenes/Level1.unity using Guid(2cda990e2423bbf4892e6590ba056729) Importer(815301076,1909f56bfc062723c751e8b465ee728b)  -> (artifact id: '2fe250d0bcb0b53bb302706b8a3c9d85') in 0.024479 seconds 
========================================================================
Received Import Request.
  Time since last request: 9.476911 seconds.
  path: Assets/Scenes/Level2.unity
  artifactKey: Guid(045c3cb744f02f3458ebc63af82d3711) Importer(815301076,1909f56bfc062723c751e8b465ee728b)
Start importing Assets/Scenes/Level2.unity using Guid(045c3cb744f02f3458ebc63af82d3711) Importer(815301076,1909f56bfc062723c751e8b465ee728b)  -> (artifact id: '34228df09d4c41ca38dc2619394f310e') in 0.024667 seconds 
========================================================================
Received Prepare
Registering precompiled user dll's ...
Registered in 0.004873 seconds.
Begin MonoManager ReloadAssembly
Native extension for WindowsStandalone target not found
Refreshing native plugins compatible for Editor in 0.93 ms, found 1 plugins.
Preloading 0 native plugins for Editor in 0.00 ms.
Mono: successfully reloaded assembly
- Completed reload, in  1.905 seconds
Platform modules already initialized, skipping
Refreshing native plugins compatible for Editor in 1.01 ms, found 1 plugins.
Preloading 0 native plugins for Editor in 0.00 ms.
Unloading 2013 Unused Serialized files (Serialized files now loaded: 0)
System memory in use before: 106.0 MB.
System memory in use after: 106.1 MB.

Unloading 9 unused Assets to reduce memory usage. Loaded Objects now: 2523.
Total: 4.607100 ms (FindLiveObjects: 0.472700 ms CreateObjectMapping: 0.152000 ms MarkObjects: 3.933600 ms  DeleteObjects: 0.046700 ms)

========================================================================
Received Import Request.
  Time since last request: 30.777231 seconds.
  path: Assets/Scenes/Main Menu.unity
  artifactKey: Guid(c8923dfb3328f2349bb12d99cab64d86) Importer(815301076,1909f56bfc062723c751e8b465ee728b)
Start importing Assets/Scenes/Main Menu.unity using Guid(c8923dfb3328f2349bb12d99cab64d86) Importer(815301076,1909f56bfc062723c751e8b465ee728b)  -> (artifact id: '97fdb975454bf12d1dea747788687eb0') in 0.075755 seconds 
========================================================================
Received Prepare
Registering precompiled user dll's ...
Registered in 0.003308 seconds.
Begin MonoManager ReloadAssembly
Native extension for WindowsStandalone target not found
Refreshing native plugins compatible for Editor in 0.84 ms, found 1 plugins.
Preloading 0 native plugins for Editor in 0.00 ms.
Mono: successfully reloaded assembly
- Completed reload, in  2.750 seconds
Platform modules already initialized, skipping
Refreshing native plugins compatible for Editor in 1.97 ms, found 1 plugins.
Preloading 0 native plugins for Editor in 0.00 ms.
Unloading 2013 Unused Serialized files (Serialized files now loaded: 0)
System memory in use before: 106.0 MB.
System memory in use after: 106.1 MB.

Unloading 9 unused Assets to reduce memory usage. Loaded Objects now: 2526.
Total: 7.706800 ms (FindLiveObjects: 0.658900 ms CreateObjectMapping: 0.135500 ms MarkObjects: 6.866800 ms  DeleteObjects: 0.041000 ms)

========================================================================
Received Prepare
Registering precompiled user dll's ...
Registered in 0.006655 seconds.
Begin MonoManager ReloadAssembly
Native extension for WindowsStandalone target not found
Refreshing native plugins compatible for Editor in 1.12 ms, found 1 plugins.
Preloading 0 native plugins for Editor in 0.00 ms.
Mono: successfully reloaded assembly
- Completed reload, in  3.433 seconds
Platform modules already initialized, skipping
Refreshing native plugins compatible for Editor in 2.18 ms, found 1 plugins.
Preloading 0 native plugins for Editor in 0.00 ms.
Unloading 2013 Unused Serialized files (Serialized files now loaded: 0)
System memory in use before: 106.0 MB.
System memory in use after: 106.1 MB.

Unloading 9 unused Assets to reduce memory usage. Loaded Objects now: 2529.
Total: 9.098100 ms (FindLiveObjects: 1.042700 ms CreateObjectMapping: 0.240600 ms MarkObjects: 7.764800 ms  DeleteObjects: 0.047700 ms)

========================================================================
Received Prepare
Registering precompiled user dll's ...
Registered in 0.006264 seconds.
Begin MonoManager ReloadAssembly
Native extension for WindowsStandalone target not found
Refreshing native plugins compatible for Editor in 2.82 ms, found 1 plugins.
Preloading 0 native plugins for Editor in 0.00 ms.
Mono: successfully reloaded assembly
- Completed reload, in  4.182 seconds
Platform modules already initialized, skipping
Refreshing native plugins compatible for Editor in 1.26 ms, found 1 plugins.
Preloading 0 native plugins for Editor in 0.00 ms.
Unloading 2013 Unused Serialized files (Serialized files now loaded: 0)
System memory in use before: 106.0 MB.
System memory in use after: 106.1 MB.

Unloading 9 unused Assets to reduce memory usage. Loaded Objects now: 2532.
Total: 9.491500 ms (FindLiveObjects: 4.708900 ms CreateObjectMapping: 0.340000 ms MarkObjects: 4.415200 ms  DeleteObjects: 0.024900 ms)

========================================================================
Received Prepare
Registering precompiled user dll's ...
Registered in 0.003799 seconds.
Begin MonoManager ReloadAssembly
Native extension for WindowsStandalone target not found
Refreshing native plugins compatible for Editor in 0.87 ms, found 1 plugins.
Preloading 0 native plugins for Editor in 0.00 ms.
Mono: successfully reloaded assembly
- Completed reload, in  1.695 seconds
Platform modules already initialized, skipping
Refreshing native plugins compatible for Editor in 0.95 ms, found 1 plugins.
Preloading 0 native plugins for Editor in 0.00 ms.
Unloading 2013 Unused Serialized files (Serialized files now loaded: 0)
System memory in use before: 106.0 MB.
System memory in use after: 106.1 MB.

Unloading 9 unused Assets to reduce memory usage. Loaded Objects now: 2535.
Total: 3.765400 ms (FindLiveObjects: 0.376800 ms CreateObjectMapping: 0.116400 ms MarkObjects: 3.247200 ms  DeleteObjects: 0.023500 ms)

AssetImportWorkerClient::OnTransportError - code=2 error=End of file
